[INFO] 工作表特殊电话明细写入完成，共4043行数据 [2021-02-21 17:03:46 PM]
[INFO] --------------------------- [2021-02-21 17:03:47 PM]
[INFO] 工作表特殊电话明细写入完成，共4043行数据 [2021-02-21 17:28:06 PM]
[INFO] --------------------------- [2021-02-21 17:28:07 PM]
[INFO] 工作表特殊电话明细写入完成，共4052行数据 [2021-02-21 22:57:23 PM]
[INFO] --------------------------- [2021-02-21 22:57:24 PM]
[INFO] 工作表特殊电话明细写入完成，共1187行数据 [2021-02-22 09:10:56 AM]
[INFO] --------------------------- [2021-02-22 09:10:56 AM]
[INFO] 工作表特殊电话明细写入完成，共7行数据 [2021-02-22 10:21:08 AM]
[INFO] --------------------------- [2021-02-22 10:21:08 AM]
[INFO] 工作表年度月度同一收件人退款次数写入完成，共123532行数据 [2021-02-23 12:37:09 PM]
[INFO] --------------------------- [2021-02-23 12:37:21 PM]
[INFO] 工作表年度月度同一收件人退款次数写入完成，共123532行数据 [2021-02-23 19:01:58 PM]
[INFO] --------------------------- [2021-02-23 19:02:10 PM]
[INFO] 工作表年度月度同一收件人退款次数写入完成，共121480行数据 [2021-02-25 16:47:00 PM]
[INFO] --------------------------- [2021-02-25 16:47:13 PM]
[INFO] 工作表年度月度同一收件人退款次数写入完成，共111188行数据 [2021-03-03 20:30:50 PM]
[INFO] --------------------------- [2021-03-03 20:31:00 PM]
[INFO] 工作表年度月度同一收件人退款次数写入完成，共111101行数据 [2021-03-06 18:33:10 PM]
[INFO] --------------------------- [2021-03-06 18:33:20 PM]
