[INFO] 工作表特殊电话明细写入完成，共0行数据 [2021-02-21 16:50:41 PM]
[INFO] --------------------------- [2021-02-21 16:50:41 PM]
[INFO] 工作表特殊电话明细写入完成，共0行数据 [2021-02-21 16:51:50 PM]
[INFO] --------------------------- [2021-02-21 16:51:50 PM]
[INFO] 工作表特殊电话明细写入完成，共5行数据 [2021-02-21 22:45:55 PM]
[INFO] --------------------------- [2021-02-21 22:45:55 PM]
[INFO] 工作表特殊电话明细写入完成，共5行数据 [2021-02-21 22:46:18 PM]
[INFO] --------------------------- [2021-02-21 22:46:18 PM]
[INFO] 工作表特殊电话明细写入完成，共5行数据 [2021-02-21 22:49:18 PM]
[INFO] --------------------------- [2021-02-21 22:49:18 PM]
[INFO] 工作表特殊电话明细写入完成，共0行数据 [2021-02-22 09:11:06 AM]
[INFO] --------------------------- [2021-02-22 09:11:06 AM]
[INFO] 工作表特殊电话明细写入完成，共0行数据 [2021-02-22 10:21:46 AM]
[INFO] --------------------------- [2021-02-22 10:21:46 AM]
[INFO] 工作表年度月度同一收件人退款金额写入完成，共123532行数据 [2021-02-23 12:32:26 PM]
[INFO] --------------------------- [2021-02-23 12:32:38 PM]
[INFO] 工作表年度月度同一收件人退款金额写入完成，共123532行数据 [2021-02-23 18:58:51 PM]
[INFO] --------------------------- [2021-02-23 18:59:03 PM]
[INFO] 工作表年度月度同一收件人退款金额写入完成，共121480行数据 [2021-02-25 16:53:22 PM]
[INFO] --------------------------- [2021-02-25 16:53:33 PM]
[INFO] 工作表年度月度同一收件人退款金额写入完成，共111188行数据 [2021-03-03 20:38:38 PM]
[INFO] --------------------------- [2021-03-03 20:38:49 PM]
[INFO] 工作表年度月度同一收件人退款金额写入完成，共111101行数据 [2021-03-06 18:25:21 PM]
[INFO] --------------------------- [2021-03-06 18:25:31 PM]
